Determining if the pthread_create exist failed with the following output:
Change Dir: /home/wendy/study/learnSLAM/build/CMakeFiles/CMakeTmp

Run Build Command(s):/usr/bin/make cmTC_68ac1/fast 
/usr/bin/make -f CMakeFiles/cmTC_68ac1.dir/build.make CMakeFiles/cmTC_68ac1.dir/build
make[1]: Entering directory '/home/wendy/study/learnSLAM/build/CMakeFiles/CMakeTmp'
Building C object CMakeFiles/cmTC_68ac1.dir/CheckSymbolExists.c.o
/usr/bin/cc    -o CMakeFiles/cmTC_68ac1.dir/CheckSymbolExists.c.o   -c /home/wendy/study/learnSLAM/build/CMakeFiles/CMakeTmp/CheckSymbolExists.c
Linking C executable cmTC_68ac1
/snap/clion/82/bin/cmake/linux/bin/cmake -E cmake_link_script CMakeFiles/cmTC_68ac1.dir/link.txt --verbose=1
/usr/bin/cc      CMakeFiles/cmTC_68ac1.dir/CheckSymbolExists.c.o  -o cmTC_68ac1 
CMakeFiles/cmTC_68ac1.dir/CheckSymbolExists.c.o: In function `main':
CheckSymbolExists.c:(.text+0x1b): undefined reference to `pthread_create'
collect2: error: ld returned 1 exit status
CMakeFiles/cmTC_68ac1.dir/build.make:86: recipe for target 'cmTC_68ac1' failed
make[1]: *** [cmTC_68ac1] Error 1
make[1]: Leaving directory '/home/wendy/study/learnSLAM/build/CMakeFiles/CMakeTmp'
Makefile:121: recipe for target 'cmTC_68ac1/fast' failed
make: *** [cmTC_68ac1/fast] Error 2

File /home/wendy/study/learnSLAM/build/CMakeFiles/CMakeTmp/CheckSymbolExists.c:
/* */
#include <pthread.h>

int main(int argc, char** argv)
{
  (void)argv;
#ifndef pthread_create
  return ((int*)(&pthread_create))[argc];
#else
  (void)argc;
  return 0;
#endif
}

Determining if the function pthread_create exists in the pthreads failed with the following output:
Change Dir: /home/wendy/study/learnSLAM/build/CMakeFiles/CMakeTmp

Run Build Command(s):/usr/bin/make cmTC_5c0be/fast 
/usr/bin/make -f CMakeFiles/cmTC_5c0be.dir/build.make CMakeFiles/cmTC_5c0be.dir/build
make[1]: Entering directory '/home/wendy/study/learnSLAM/build/CMakeFiles/CMakeTmp'
Building C object CMakeFiles/cmTC_5c0be.dir/CheckFunctionExists.c.o
/usr/bin/cc   -DCHECK_FUNCTION_EXISTS=pthread_create   -o CMakeFiles/cmTC_5c0be.dir/CheckFunctionExists.c.o   -c /snap/clion/82/bin/cmake/linux/share/cmake-3.14/Modules/CheckFunctionExists.c
Linking C executable cmTC_5c0be
/snap/clion/82/bin/cmake/linux/bin/cmake -E cmake_link_script CMakeFiles/cmTC_5c0be.dir/link.txt --verbose=1
/usr/bin/cc  -DCHECK_FUNCTION_EXISTS=pthread_create    CMakeFiles/cmTC_5c0be.dir/CheckFunctionExists.c.o  -o cmTC_5c0be -lpthreads 
/usr/bin/ld: cannot find -lpthreads
collect2: error: ld returned 1 exit status
CMakeFiles/cmTC_5c0be.dir/build.make:86: recipe for target 'cmTC_5c0be' failed
make[1]: *** [cmTC_5c0be] Error 1
make[1]: Leaving directory '/home/wendy/study/learnSLAM/build/CMakeFiles/CMakeTmp'
Makefile:121: recipe for target 'cmTC_5c0be/fast' failed
make: *** [cmTC_5c0be/fast] Error 2


